msg_queue ctor
msg_queue ctor
db main start
db main start
server init start connect sql
server init start connect sql success
init network start
load db_server config, ip:192.168.80.3, port:5555
init network start
epoll add new socket 5
debug: m_listenfd is 5
epoll add new socket 6
go next epoll
epoll add new socket 7
go next epoll
Epoll event EPOLLIN fd = 7
new message, fd is 7
message enqueue, pos = 0, flag is 0
start recv msg data head
bug bug bug fd = 7, m_in = 35, m_out = 0, _length = 16
recv 16 byte data
msg decode head
msg decode head end
msg data body len is 19
recv 19 byte data
recv msg complete
message enqueue, pos = 1, flag is 0
start recv msg data head
bug bug bug fd = 7, m_in = 35, m_out = 35, _length = 16
Net::recvmsg errorid = -2
, /home/blue/Code/TcpDemo/Net/Net.cpp:203
go next epoll
message dequeue, pos = 0, flag is 1
msg type is 20
Epoll event EPOLLIN fd = 7
new message, fd is 7
message enqueue, pos = 2, flag is 0
start recv msg data head
bug bug bug fd = 7, m_in = 51, m_out = 35, _length = 16
recv 16 byte data
msg decode head
msg decode head end
msg data body len is 0
recv 0 byte data
recv msg complete
message enqueue, pos = 3, flag is 0
start recv msg data head
bug bug bug fd = 7, m_in = 51, m_out = 51, _length = 16
Net::recvmsg errorid = -2
, /home/blue/Code/TcpDemo/Net/Net.cpp:203
go next epoll
message dequeue, pos = 2, flag is 1
msg type is 10
try get pass start 
db server not find , try to sql find usrid is 172542746
try get by sql cmd is SELECT * FROM PASS where id = 172542746
usrid is 172542746, pass is 170800408
msg encode head
send data to fd 7, len is 20
send data success left should be 0: 0
try get pass end
Epoll event EPOLLIN fd = 7
new message, fd is 7
message enqueue, pos = 4, flag is 0
start recv msg data head
bug bug bug fd = 7, m_in = 67, m_out = 51, _length = 16
recv 16 byte data
msg decode head
msg decode head end
msg data body len is 0
recv 0 byte data
recv msg complete
message enqueue, pos = 5, flag is 0
start recv msg data head
bug bug bug fd = 7, m_in = 67, m_out = 67, _length = 16
Net::recvmsg errorid = -2
, /home/blue/Code/TcpDemo/Net/Net.cpp:203
go next epoll
message dequeue, pos = 4, flag is 1
msg type is 16
just for Debug !! /home/blue/Code/TcpDemo/ServerDB/db_server.cpp:70
try get by sql cmd is SELECT * FROM PLAYER where id = 172542746
player name: dog, id: 172542746
posx: 0.000000, posz: 54.350000, speed: 5
just for Debug !! /home/blue/Code/TcpDemo/ServerDB/db_server.cpp:393
try get by sql cmd is SELECT * FROM ITEM where usrid = 172542746
