Determining if the pthread_create exist failed with the following output:
Change Dir: /home/blue/Code/TcpDemo/Debug/CMakeFiles/CMakeTmp

Run Build Command:"/usr/bin/make" "cmTC_2149b/fast"
/usr/bin/make -f CMakeFiles/cmTC_2149b.dir/build.make CMakeFiles/cmTC_2149b.dir/build
make[1]: Entering directory '/home/blue/Code/TcpDemo/Debug/CMakeFiles/CMakeTmp'
Building C object CMakeFiles/cmTC_2149b.dir/CheckSymbolExists.c.o
/usr/bin/cc   -rdynamic -O3 -fPIC -ggdb -std=c11 -Wall -Wno-deprecated -Werror -Wno-unused-function -Wno-builtin-macro-redefined -Wno-deprecated-declarations    -o CMakeFiles/cmTC_2149b.dir/CheckSymbolExists.c.o   -c /home/blue/Code/TcpDemo/Debug/CMakeFiles/CMakeTmp/CheckSymbolExists.c
Linking C executable cmTC_2149b
/usr/bin/cmake -E cmake_link_script CMakeFiles/cmTC_2149b.dir/link.txt --verbose=1
/usr/bin/cc  -rdynamic -O3 -fPIC -ggdb -std=c11 -Wall -Wno-deprecated -Werror -Wno-unused-function -Wno-builtin-macro-redefined -Wno-deprecated-declarations     -rdynamic CMakeFiles/cmTC_2149b.dir/CheckSymbolExists.c.o  -o cmTC_2149b 
/usr/bin/ld: CMakeFiles/cmTC_2149b.dir/CheckSymbolExists.c.o: in function `main':
/home/blue/Code/TcpDemo/Debug/CMakeFiles/CMakeTmp/CheckSymbolExists.c:8: undefined reference to `pthread_create'
collect2: error: ld returned 1 exit status
make[1]: *** [CMakeFiles/cmTC_2149b.dir/build.make:87: cmTC_2149b] Error 1
make[1]: Leaving directory '/home/blue/Code/TcpDemo/Debug/CMakeFiles/CMakeTmp'
make: *** [Makefile:121: cmTC_2149b/fast] Error 2

File /home/blue/Code/TcpDemo/Debug/CMakeFiles/CMakeTmp/CheckSymbolExists.c:
/* */
#include <pthread.h>

int main(int argc, char** argv)
{
  (void)argv;
#ifndef pthread_create
  return ((int*)(&pthread_create))[argc];
#else
  (void)argc;
  return 0;
#endif
}

Determining if the function pthread_create exists in the pthreads failed with the following output:
Change Dir: /home/blue/Code/TcpDemo/Debug/CMakeFiles/CMakeTmp

Run Build Command:"/usr/bin/make" "cmTC_66b51/fast"
/usr/bin/make -f CMakeFiles/cmTC_66b51.dir/build.make CMakeFiles/cmTC_66b51.dir/build
make[1]: Entering directory '/home/blue/Code/TcpDemo/Debug/CMakeFiles/CMakeTmp'
Building C object CMakeFiles/cmTC_66b51.dir/CheckFunctionExists.c.o
/usr/bin/cc   -rdynamic -O3 -fPIC -ggdb -std=c11 -Wall -Wno-deprecated -Werror -Wno-unused-function -Wno-builtin-macro-redefined -Wno-deprecated-declarations -DCHECK_FUNCTION_EXISTS=pthread_create   -o CMakeFiles/cmTC_66b51.dir/CheckFunctionExists.c.o   -c /usr/share/cmake-3.13/Modules/CheckFunctionExists.c
Linking C executable cmTC_66b51
/usr/bin/cmake -E cmake_link_script CMakeFiles/cmTC_66b51.dir/link.txt --verbose=1
/usr/bin/cc  -rdynamic -O3 -fPIC -ggdb -std=c11 -Wall -Wno-deprecated -Werror -Wno-unused-function -Wno-builtin-macro-redefined -Wno-deprecated-declarations -DCHECK_FUNCTION_EXISTS=pthread_create    -rdynamic CMakeFiles/cmTC_66b51.dir/CheckFunctionExists.c.o  -o cmTC_66b51 -lpthreads 
/usr/bin/ld: cannot find -lpthreads
collect2: error: ld returned 1 exit status
make[1]: *** [CMakeFiles/cmTC_66b51.dir/build.make:87: cmTC_66b51] Error 1
make[1]: Leaving directory '/home/blue/Code/TcpDemo/Debug/CMakeFiles/CMakeTmp'
make: *** [Makefile:121: cmTC_66b51/fast] Error 2


