The system is: Linux - 3.10.0-123.el7.x86_64 - x86_64
Compiling the C compiler identification source file "CMakeCCompilerId.c" succeeded.
Compiler: /usr/local/bin/gcc 
Build flags: 
Id flags: 

The output was:
0


Compilation of the C compiler identification source "CMakeCCompilerId.c" produced "a.out"

The C compiler identification is GNU, found in "/home/blue/Code/TcpDemo/build/CMakeFiles/2.8.12.2/CompilerIdC/a.out"

Compiling the CXX compiler identification source file "CMakeCXXCompilerId.cpp" succeeded.
Compiler: /usr/local/bin/g++ 
Build flags: -I;/usr/local/inclue
Id flags: 

The output was:
0


Compilation of the CXX compiler identification source "CMakeCXXCompilerId.cpp" produced "a.out"

The CXX compiler identification is GNU, found in "/home/blue/Code/TcpDemo/build/CMakeFiles/2.8.12.2/CompilerIdCXX/a.out"

Determining if the C compiler works passed with the following output:
Change Dir: /home/blue/Code/TcpDemo/build/CMakeFiles/CMakeTmp

Run Build Command:/usr/bin/gmake "cmTryCompileExec2168460351/fast"
/usr/bin/gmake -f CMakeFiles/cmTryCompileExec2168460351.dir/build.make CMakeFiles/cmTryCompileExec2168460351.dir/build
gmake[1]: Entering directory `/home/blue/Code/TcpDemo/build/CMakeFiles/CMakeTmp'
/usr/bin/cmake -E cmake_progress_report /home/blue/Code/TcpDemo/build/CMakeFiles/CMakeTmp/CMakeFiles 1
Building C object CMakeFiles/cmTryCompileExec2168460351.dir/testCCompiler.c.o
/usr/local/bin/gcc    -o CMakeFiles/cmTryCompileExec2168460351.dir/testCCompiler.c.o   -c /home/blue/Code/TcpDemo/build/CMakeFiles/CMakeTmp/testCCompiler.c
Linking C executable cmTryCompileExec2168460351
/usr/bin/cmake -E cmake_link_script CMakeFiles/cmTryCompileExec2168460351.dir/link.txt --verbose=1
/usr/local/bin/gcc       CMakeFiles/cmTryCompileExec2168460351.dir/testCCompiler.c.o  -o cmTryCompileExec2168460351 -rdynamic 
gmake[1]: Leaving directory `/home/blue/Code/TcpDemo/build/CMakeFiles/CMakeTmp'


Detecting C compiler ABI info compiled with the following output:
Change Dir: /home/blue/Code/TcpDemo/build/CMakeFiles/CMakeTmp

Run Build Command:/usr/bin/gmake "cmTryCompileExec1047375968/fast"
/usr/bin/gmake -f CMakeFiles/cmTryCompileExec1047375968.dir/build.make CMakeFiles/cmTryCompileExec1047375968.dir/build
gmake[1]: Entering directory `/home/blue/Code/TcpDemo/build/CMakeFiles/CMakeTmp'
/usr/bin/cmake -E cmake_progress_report /home/blue/Code/TcpDemo/build/CMakeFiles/CMakeTmp/CMakeFiles 1
Building C object CMakeFiles/cmTryCompileExec1047375968.dir/CMakeCCompilerABI.c.o
/usr/local/bin/gcc    -o CMakeFiles/cmTryCompileExec1047375968.dir/CMakeCCompilerABI.c.o   -c /usr/share/cmake/Modules/CMakeCCompilerABI.c
Linking C executable cmTryCompileExec1047375968
/usr/bin/cmake -E cmake_link_script CMakeFiles/cmTryCompileExec1047375968.dir/link.txt --verbose=1
/usr/local/bin/gcc     -v CMakeFiles/cmTryCompileExec1047375968.dir/CMakeCCompilerABI.c.o  -o cmTryCompileExec1047375968 -rdynamic  
Using built-in specs.
COLLECT_GCC=/usr/local/bin/gcc
COLLECT_LTO_WRAPPER=/usr/local/libexec/gcc/x86_64-pc-linux-gnu/10.2.0/lto-wrapper
Target: x86_64-pc-linux-gnu
Configured with: ./configure --enable-checking=release --enable-languages=c,c++ --disable-multilib
Thread model: posix
Supported LTO compression algorithms: zlib
gcc version 10.2.0 (GCC) 
COMPILER_PATH=/usr/local/libexec/gcc/x86_64-pc-linux-gnu/10.2.0/:/usr/local/libexec/gcc/x86_64-pc-linux-gnu/10.2.0/:/usr/local/libexec/gcc/x86_64-pc-linux-gnu/:/usr/local/lib/gcc/x86_64-pc-linux-gnu/10.2.0/:/usr/local/lib/gcc/x86_64-pc-linux-gnu/
LIBRARY_PATH=/usr/local/lib/gcc/x86_64-pc-linux-gnu/10.2.0/:/usr/local/lib/gcc/x86_64-pc-linux-gnu/10.2.0/../../../../lib64/:/lib/../lib64/:/usr/lib/../lib64/:/usr/local/lib/gcc/x86_64-pc-linux-gnu/10.2.0/../../../:/lib/:/usr/lib/
COLLECT_GCC_OPTIONS='-v' '-o' 'cmTryCompileExec1047375968' '-rdynamic' '-mtune=generic' '-march=x86-64'
 /usr/local/libexec/gcc/x86_64-pc-linux-gnu/10.2.0/collect2 -plugin /usr/local/libexec/gcc/x86_64-pc-linux-gnu/10.2.0/liblto_plugin.so -plugin-opt=/usr/local/libexec/gcc/x86_64-pc-linux-gnu/10.2.0/lto-wrapper -plugin-opt=-fresolution=/tmp/ccDOpjZz.res -plugin-opt=-pass-through=-lgcc -plugin-opt=-pass-through=-lgcc_s -plugin-opt=-pass-through=-lc -plugin-opt=-pass-through=-lgcc -plugin-opt=-pass-through=-lgcc_s --eh-frame-hdr -m elf_x86_64 -export-dynamic -dynamic-linker /lib64/ld-linux-x86-64.so.2 -o cmTryCompileExec1047375968 /lib/../lib64/crt1.o /lib/../lib64/crti.o /usr/local/lib/gcc/x86_64-pc-linux-gnu/10.2.0/crtbegin.o -L/usr/local/lib/gcc/x86_64-pc-linux-gnu/10.2.0 -L/usr/local/lib/gcc/x86_64-pc-linux-gnu/10.2.0/../../../../lib64 -L/lib/../lib64 -L/usr/lib/../lib64 -L/usr/local/lib/gcc/x86_64-pc-linux-gnu/10.2.0/../../.. CMakeFiles/cmTryCompileExec1047375968.dir/CMakeCCompilerABI.c.o -lgcc --as-needed -lgcc_s --no-as-needed -lc -lgcc --as-needed -lgcc_s --no-as-needed /usr/local/lib/gcc/x86_64-pc-linux-gnu/10.2.0/crtend.o /lib/../lib64/crtn.o
COLLECT_GCC_OPTIONS='-v' '-o' 'cmTryCompileExec1047375968' '-rdynamic' '-mtune=generic' '-march=x86-64'
gmake[1]: Leaving directory `/home/blue/Code/TcpDemo/build/CMakeFiles/CMakeTmp'


Parsed C implicit link information from above output:
  link line regex: [^( *|.*[/\])(ld|([^/\]+-)?ld|collect2)[^/\]*( |$)]
  ignore line: [Change Dir: /home/blue/Code/TcpDemo/build/CMakeFiles/CMakeTmp]
  ignore line: []
  ignore line: [Run Build Command:/usr/bin/gmake "cmTryCompileExec1047375968/fast"]
  ignore line: [/usr/bin/gmake -f CMakeFiles/cmTryCompileExec1047375968.dir/build.make CMakeFiles/cmTryCompileExec1047375968.dir/build]
  ignore line: [gmake[1]: Entering directory `/home/blue/Code/TcpDemo/build/CMakeFiles/CMakeTmp']
  ignore line: [/usr/bin/cmake -E cmake_progress_report /home/blue/Code/TcpDemo/build/CMakeFiles/CMakeTmp/CMakeFiles 1]
  ignore line: [Building C object CMakeFiles/cmTryCompileExec1047375968.dir/CMakeCCompilerABI.c.o]
  ignore line: [/usr/local/bin/gcc    -o CMakeFiles/cmTryCompileExec1047375968.dir/CMakeCCompilerABI.c.o   -c /usr/share/cmake/Modules/CMakeCCompilerABI.c]
  ignore line: [Linking C executable cmTryCompileExec1047375968]
  ignore line: [/usr/bin/cmake -E cmake_link_script CMakeFiles/cmTryCompileExec1047375968.dir/link.txt --verbose=1]
  ignore line: [/usr/local/bin/gcc     -v CMakeFiles/cmTryCompileExec1047375968.dir/CMakeCCompilerABI.c.o  -o cmTryCompileExec1047375968 -rdynamic  ]
  ignore line: [Using built-in specs.]
  ignore line: [COLLECT_GCC=/usr/local/bin/gcc]
  ignore line: [COLLECT_LTO_WRAPPER=/usr/local/libexec/gcc/x86_64-pc-linux-gnu/10.2.0/lto-wrapper]
  ignore line: [Target: x86_64-pc-linux-gnu]
  ignore line: [Configured with: ./configure --enable-checking=release --enable-languages=c,c++ --disable-multilib]
  ignore line: [Thread model: posix]
  ignore line: [Supported LTO compression algorithms: zlib]
  ignore line: [gcc version 10.2.0 (GCC) ]
  ignore line: [COMPILER_PATH=/usr/local/libexec/gcc/x86_64-pc-linux-gnu/10.2.0/:/usr/local/libexec/gcc/x86_64-pc-linux-gnu/10.2.0/:/usr/local/libexec/gcc/x86_64-pc-linux-gnu/:/usr/local/lib/gcc/x86_64-pc-linux-gnu/10.2.0/:/usr/local/lib/gcc/x86_64-pc-linux-gnu/]
  ignore line: [LIBRARY_PATH=/usr/local/lib/gcc/x86_64-pc-linux-gnu/10.2.0/:/usr/local/lib/gcc/x86_64-pc-linux-gnu/10.2.0/../../../../lib64/:/lib/../lib64/:/usr/lib/../lib64/:/usr/local/lib/gcc/x86_64-pc-linux-gnu/10.2.0/../../../:/lib/:/usr/lib/]
  ignore line: [COLLECT_GCC_OPTIONS='-v' '-o' 'cmTryCompileExec1047375968' '-rdynamic' '-mtune=generic' '-march=x86-64']
  link line: [ /usr/local/libexec/gcc/x86_64-pc-linux-gnu/10.2.0/collect2 -plugin /usr/local/libexec/gcc/x86_64-pc-linux-gnu/10.2.0/liblto_plugin.so -plugin-opt=/usr/local/libexec/gcc/x86_64-pc-linux-gnu/10.2.0/lto-wrapper -plugin-opt=-fresolution=/tmp/ccDOpjZz.res -plugin-opt=-pass-through=-lgcc -plugin-opt=-pass-through=-lgcc_s -plugin-opt=-pass-through=-lc -plugin-opt=-pass-through=-lgcc -plugin-opt=-pass-through=-lgcc_s --eh-frame-hdr -m elf_x86_64 -export-dynamic -dynamic-linker /lib64/ld-linux-x86-64.so.2 -o cmTryCompileExec1047375968 /lib/../lib64/crt1.o /lib/../lib64/crti.o /usr/local/lib/gcc/x86_64-pc-linux-gnu/10.2.0/crtbegin.o -L/usr/local/lib/gcc/x86_64-pc-linux-gnu/10.2.0 -L/usr/local/lib/gcc/x86_64-pc-linux-gnu/10.2.0/../../../../lib64 -L/lib/../lib64 -L/usr/lib/../lib64 -L/usr/local/lib/gcc/x86_64-pc-linux-gnu/10.2.0/../../.. CMakeFiles/cmTryCompileExec1047375968.dir/CMakeCCompilerABI.c.o -lgcc --as-needed -lgcc_s --no-as-needed -lc -lgcc --as-needed -lgcc_s --no-as-needed /usr/local/lib/gcc/x86_64-pc-linux-gnu/10.2.0/crtend.o /lib/../lib64/crtn.o]
    arg [/usr/local/libexec/gcc/x86_64-pc-linux-gnu/10.2.0/collect2] ==> ignore
    arg [-plugin] ==> ignore
    arg [/usr/local/libexec/gcc/x86_64-pc-linux-gnu/10.2.0/liblto_plugin.so] ==> ignore
    arg [-plugin-opt=/usr/local/libexec/gcc/x86_64-pc-linux-gnu/10.2.0/lto-wrapper] ==> ignore
    arg [-plugin-opt=-fresolution=/tmp/ccDOpjZz.res] ==> ignore
    arg [-plugin-opt=-pass-through=-lgcc] ==> ignore
    arg [-plugin-opt=-pass-through=-lgcc_s] ==> ignore
    arg [-plugin-opt=-pass-through=-lc] ==> ignore
    arg [-plugin-opt=-pass-through=-lgcc] ==> ignore
    arg [-plugin-opt=-pass-through=-lgcc_s] ==> ignore
    arg [--eh-frame-hdr] ==> ignore
    arg [-m] ==> ignore
    arg [elf_x86_64] ==> ignore
    arg [-export-dynamic] ==> ignore
    arg [-dynamic-linker] ==> ignore
    arg [/lib64/ld-linux-x86-64.so.2] ==> ignore
    arg [-o] ==> ignore
    arg [cmTryCompileExec1047375968] ==> ignore
    arg [/lib/../lib64/crt1.o] ==> ignore
    arg [/lib/../lib64/crti.o] ==> ignore
    arg [/usr/local/lib/gcc/x86_64-pc-linux-gnu/10.2.0/crtbegin.o] ==> ignore
    arg [-L/usr/local/lib/gcc/x86_64-pc-linux-gnu/10.2.0] ==> dir [/usr/local/lib/gcc/x86_64-pc-linux-gnu/10.2.0]
    arg [-L/usr/local/lib/gcc/x86_64-pc-linux-gnu/10.2.0/../../../../lib64] ==> dir [/usr/local/lib/gcc/x86_64-pc-linux-gnu/10.2.0/../../../../lib64]
    arg [-L/lib/../lib64] ==> dir [/lib/../lib64]
    arg [-L/usr/lib/../lib64] ==> dir [/usr/lib/../lib64]
    arg [-L/usr/local/lib/gcc/x86_64-pc-linux-gnu/10.2.0/../../..] ==> dir [/usr/local/lib/gcc/x86_64-pc-linux-gnu/10.2.0/../../..]
    arg [CMakeFiles/cmTryCompileExec1047375968.dir/CMakeCCompilerABI.c.o] ==> ignore
    arg [-lgcc] ==> lib [gcc]
    arg [--as-needed] ==> ignore
    arg [-lgcc_s] ==> lib [gcc_s]
    arg [--no-as-needed] ==> ignore
    arg [-lc] ==> lib [c]
    arg [-lgcc] ==> lib [gcc]
    arg [--as-needed] ==> ignore
    arg [-lgcc_s] ==> lib [gcc_s]
    arg [--no-as-needed] ==> ignore
    arg [/usr/local/lib/gcc/x86_64-pc-linux-gnu/10.2.0/crtend.o] ==> ignore
    arg [/lib/../lib64/crtn.o] ==> ignore
  remove lib [gcc]
  remove lib [gcc_s]
  remove lib [gcc]
  remove lib [gcc_s]
  collapse library dir [/usr/local/lib/gcc/x86_64-pc-linux-gnu/10.2.0] ==> [/usr/local/lib/gcc/x86_64-pc-linux-gnu/10.2.0]
  collapse library dir [/usr/local/lib/gcc/x86_64-pc-linux-gnu/10.2.0/../../../../lib64] ==> [/usr/local/lib64]
  collapse library dir [/lib/../lib64] ==> [/lib64]
  collapse library dir [/usr/lib/../lib64] ==> [/usr/lib64]
  collapse library dir [/usr/local/lib/gcc/x86_64-pc-linux-gnu/10.2.0/../../..] ==> [/usr/local/lib]
  implicit libs: [c]
  implicit dirs: [/usr/local/lib/gcc/x86_64-pc-linux-gnu/10.2.0;/usr/local/lib64;/lib64;/usr/lib64;/usr/local/lib]
  implicit fwks: []


Determining if the CXX compiler works passed with the following output:
Change Dir: /home/blue/Code/TcpDemo/build/CMakeFiles/CMakeTmp

Run Build Command:/usr/bin/gmake "cmTryCompileExec1025211000/fast"
/usr/bin/gmake -f CMakeFiles/cmTryCompileExec1025211000.dir/build.make CMakeFiles/cmTryCompileExec1025211000.dir/build
gmake[1]: Entering directory `/home/blue/Code/TcpDemo/build/CMakeFiles/CMakeTmp'
/usr/bin/cmake -E cmake_progress_report /home/blue/Code/TcpDemo/build/CMakeFiles/CMakeTmp/CMakeFiles 1
Building CXX object CMakeFiles/cmTryCompileExec1025211000.dir/testCXXCompiler.cxx.o
/usr/local/bin/g++     -o CMakeFiles/cmTryCompileExec1025211000.dir/testCXXCompiler.cxx.o -c /home/blue/Code/TcpDemo/build/CMakeFiles/CMakeTmp/testCXXCompiler.cxx
Linking CXX executable cmTryCompileExec1025211000
/usr/bin/cmake -E cmake_link_script CMakeFiles/cmTryCompileExec1025211000.dir/link.txt --verbose=1
/usr/local/bin/g++        CMakeFiles/cmTryCompileExec1025211000.dir/testCXXCompiler.cxx.o  -o cmTryCompileExec1025211000 -rdynamic 
gmake[1]: Leaving directory `/home/blue/Code/TcpDemo/build/CMakeFiles/CMakeTmp'


Detecting CXX compiler ABI info compiled with the following output:
Change Dir: /home/blue/Code/TcpDemo/build/CMakeFiles/CMakeTmp

Run Build Command:/usr/bin/gmake "cmTryCompileExec1296793193/fast"
/usr/bin/gmake -f CMakeFiles/cmTryCompileExec1296793193.dir/build.make CMakeFiles/cmTryCompileExec1296793193.dir/build
gmake[1]: Entering directory `/home/blue/Code/TcpDemo/build/CMakeFiles/CMakeTmp'
/usr/bin/cmake -E cmake_progress_report /home/blue/Code/TcpDemo/build/CMakeFiles/CMakeTmp/CMakeFiles 1
Building CXX object CMakeFiles/cmTryCompileExec1296793193.dir/CMakeCXXCompilerABI.cpp.o
/usr/local/bin/g++     -o CMakeFiles/cmTryCompileExec1296793193.dir/CMakeCXXCompilerABI.cpp.o -c /usr/share/cmake/Modules/CMakeCXXCompilerABI.cpp
Linking CXX executable cmTryCompileExec1296793193
/usr/bin/cmake -E cmake_link_script CMakeFiles/cmTryCompileExec1296793193.dir/link.txt --verbose=1
/usr/local/bin/g++      -v CMakeFiles/cmTryCompileExec1296793193.dir/CMakeCXXCompilerABI.cpp.o  -o cmTryCompileExec1296793193 -rdynamic  
Using built-in specs.
COLLECT_GCC=/usr/local/bin/g++
COLLECT_LTO_WRAPPER=/usr/local/libexec/gcc/x86_64-pc-linux-gnu/10.2.0/lto-wrapper
Target: x86_64-pc-linux-gnu
Configured with: ./configure --enable-checking=release --enable-languages=c,c++ --disable-multilib
Thread model: posix
Supported LTO compression algorithms: zlib
gcc version 10.2.0 (GCC) 
COMPILER_PATH=/usr/local/libexec/gcc/x86_64-pc-linux-gnu/10.2.0/:/usr/local/libexec/gcc/x86_64-pc-linux-gnu/10.2.0/:/usr/local/libexec/gcc/x86_64-pc-linux-gnu/:/usr/local/lib/gcc/x86_64-pc-linux-gnu/10.2.0/:/usr/local/lib/gcc/x86_64-pc-linux-gnu/
LIBRARY_PATH=/usr/local/lib/gcc/x86_64-pc-linux-gnu/10.2.0/:/usr/local/lib/gcc/x86_64-pc-linux-gnu/10.2.0/../../../../lib64/:/lib/../lib64/:/usr/lib/../lib64/:/usr/local/lib/gcc/x86_64-pc-linux-gnu/10.2.0/../../../:/lib/:/usr/lib/
COLLECT_GCC_OPTIONS='-v' '-o' 'cmTryCompileExec1296793193' '-rdynamic' '-shared-libgcc' '-mtune=generic' '-march=x86-64'
 /usr/local/libexec/gcc/x86_64-pc-linux-gnu/10.2.0/collect2 -plugin /usr/local/libexec/gcc/x86_64-pc-linux-gnu/10.2.0/liblto_plugin.so -plugin-opt=/usr/local/libexec/gcc/x86_64-pc-linux-gnu/10.2.0/lto-wrapper -plugin-opt=-fresolution=/tmp/cc3VrOCL.res -plugin-opt=-pass-through=-lgcc_s -plugin-opt=-pass-through=-lgcc -plugin-opt=-pass-through=-lc -plugin-opt=-pass-through=-lgcc_s -plugin-opt=-pass-through=-lgcc --eh-frame-hdr -m elf_x86_64 -export-dynamic -dynamic-linker /lib64/ld-linux-x86-64.so.2 -o cmTryCompileExec1296793193 /lib/../lib64/crt1.o /lib/../lib64/crti.o /usr/local/lib/gcc/x86_64-pc-linux-gnu/10.2.0/crtbegin.o -L/usr/local/lib/gcc/x86_64-pc-linux-gnu/10.2.0 -L/usr/local/lib/gcc/x86_64-pc-linux-gnu/10.2.0/../../../../lib64 -L/lib/../lib64 -L/usr/lib/../lib64 -L/usr/local/lib/gcc/x86_64-pc-linux-gnu/10.2.0/../../.. CMakeFiles/cmTryCompileExec1296793193.dir/CMakeCXXCompilerABI.cpp.o -lstdc++ -lm -lgcc_s -lgcc -lc -lgcc_s -lgcc /usr/local/lib/gcc/x86_64-pc-linux-gnu/10.2.0/crtend.o /lib/../lib64/crtn.o
COLLECT_GCC_OPTIONS='-v' '-o' 'cmTryCompileExec1296793193' '-rdynamic' '-shared-libgcc' '-mtune=generic' '-march=x86-64'
gmake[1]: Leaving directory `/home/blue/Code/TcpDemo/build/CMakeFiles/CMakeTmp'


Parsed CXX implicit link information from above output:
  link line regex: [^( *|.*[/\])(ld|([^/\]+-)?ld|collect2)[^/\]*( |$)]
  ignore line: [Change Dir: /home/blue/Code/TcpDemo/build/CMakeFiles/CMakeTmp]
  ignore line: []
  ignore line: [Run Build Command:/usr/bin/gmake "cmTryCompileExec1296793193/fast"]
  ignore line: [/usr/bin/gmake -f CMakeFiles/cmTryCompileExec1296793193.dir/build.make CMakeFiles/cmTryCompileExec1296793193.dir/build]
  ignore line: [gmake[1]: Entering directory `/home/blue/Code/TcpDemo/build/CMakeFiles/CMakeTmp']
  ignore line: [/usr/bin/cmake -E cmake_progress_report /home/blue/Code/TcpDemo/build/CMakeFiles/CMakeTmp/CMakeFiles 1]
  ignore line: [Building CXX object CMakeFiles/cmTryCompileExec1296793193.dir/CMakeCXXCompilerABI.cpp.o]
  ignore line: [/usr/local/bin/g++     -o CMakeFiles/cmTryCompileExec1296793193.dir/CMakeCXXCompilerABI.cpp.o -c /usr/share/cmake/Modules/CMakeCXXCompilerABI.cpp]
  ignore line: [Linking CXX executable cmTryCompileExec1296793193]
  ignore line: [/usr/bin/cmake -E cmake_link_script CMakeFiles/cmTryCompileExec1296793193.dir/link.txt --verbose=1]
  ignore line: [/usr/local/bin/g++      -v CMakeFiles/cmTryCompileExec1296793193.dir/CMakeCXXCompilerABI.cpp.o  -o cmTryCompileExec1296793193 -rdynamic  ]
  ignore line: [Using built-in specs.]
  ignore line: [COLLECT_GCC=/usr/local/bin/g++]
  ignore line: [COLLECT_LTO_WRAPPER=/usr/local/libexec/gcc/x86_64-pc-linux-gnu/10.2.0/lto-wrapper]
  ignore line: [Target: x86_64-pc-linux-gnu]
  ignore line: [Configured with: ./configure --enable-checking=release --enable-languages=c,c++ --disable-multilib]
  ignore line: [Thread model: posix]
  ignore line: [Supported LTO compression algorithms: zlib]
  ignore line: [gcc version 10.2.0 (GCC) ]
  ignore line: [COMPILER_PATH=/usr/local/libexec/gcc/x86_64-pc-linux-gnu/10.2.0/:/usr/local/libexec/gcc/x86_64-pc-linux-gnu/10.2.0/:/usr/local/libexec/gcc/x86_64-pc-linux-gnu/:/usr/local/lib/gcc/x86_64-pc-linux-gnu/10.2.0/:/usr/local/lib/gcc/x86_64-pc-linux-gnu/]
  ignore line: [LIBRARY_PATH=/usr/local/lib/gcc/x86_64-pc-linux-gnu/10.2.0/:/usr/local/lib/gcc/x86_64-pc-linux-gnu/10.2.0/../../../../lib64/:/lib/../lib64/:/usr/lib/../lib64/:/usr/local/lib/gcc/x86_64-pc-linux-gnu/10.2.0/../../../:/lib/:/usr/lib/]
  ignore line: [COLLECT_GCC_OPTIONS='-v' '-o' 'cmTryCompileExec1296793193' '-rdynamic' '-shared-libgcc' '-mtune=generic' '-march=x86-64']
  link line: [ /usr/local/libexec/gcc/x86_64-pc-linux-gnu/10.2.0/collect2 -plugin /usr/local/libexec/gcc/x86_64-pc-linux-gnu/10.2.0/liblto_plugin.so -plugin-opt=/usr/local/libexec/gcc/x86_64-pc-linux-gnu/10.2.0/lto-wrapper -plugin-opt=-fresolution=/tmp/cc3VrOCL.res -plugin-opt=-pass-through=-lgcc_s -plugin-opt=-pass-through=-lgcc -plugin-opt=-pass-through=-lc -plugin-opt=-pass-through=-lgcc_s -plugin-opt=-pass-through=-lgcc --eh-frame-hdr -m elf_x86_64 -export-dynamic -dynamic-linker /lib64/ld-linux-x86-64.so.2 -o cmTryCompileExec1296793193 /lib/../lib64/crt1.o /lib/../lib64/crti.o /usr/local/lib/gcc/x86_64-pc-linux-gnu/10.2.0/crtbegin.o -L/usr/local/lib/gcc/x86_64-pc-linux-gnu/10.2.0 -L/usr/local/lib/gcc/x86_64-pc-linux-gnu/10.2.0/../../../../lib64 -L/lib/../lib64 -L/usr/lib/../lib64 -L/usr/local/lib/gcc/x86_64-pc-linux-gnu/10.2.0/../../.. CMakeFiles/cmTryCompileExec1296793193.dir/CMakeCXXCompilerABI.cpp.o -lstdc++ -lm -lgcc_s -lgcc -lc -lgcc_s -lgcc /usr/local/lib/gcc/x86_64-pc-linux-gnu/10.2.0/crtend.o /lib/../lib64/crtn.o]
    arg [/usr/local/libexec/gcc/x86_64-pc-linux-gnu/10.2.0/collect2] ==> ignore
    arg [-plugin] ==> ignore
    arg [/usr/local/libexec/gcc/x86_64-pc-linux-gnu/10.2.0/liblto_plugin.so] ==> ignore
    arg [-plugin-opt=/usr/local/libexec/gcc/x86_64-pc-linux-gnu/10.2.0/lto-wrapper] ==> ignore
    arg [-plugin-opt=-fresolution=/tmp/cc3VrOCL.res] ==> ignore
    arg [-plugin-opt=-pass-through=-lgcc_s] ==> ignore
    arg [-plugin-opt=-pass-through=-lgcc] ==> ignore
    arg [-plugin-opt=-pass-through=-lc] ==> ignore
    arg [-plugin-opt=-pass-through=-lgcc_s] ==> ignore
    arg [-plugin-opt=-pass-through=-lgcc] ==> ignore
    arg [--eh-frame-hdr] ==> ignore
    arg [-m] ==> ignore
    arg [elf_x86_64] ==> ignore
    arg [-export-dynamic] ==> ignore
    arg [-dynamic-linker] ==> ignore
    arg [/lib64/ld-linux-x86-64.so.2] ==> ignore
    arg [-o] ==> ignore
    arg [cmTryCompileExec1296793193] ==> ignore
    arg [/lib/../lib64/crt1.o] ==> ignore
    arg [/lib/../lib64/crti.o] ==> ignore
    arg [/usr/local/lib/gcc/x86_64-pc-linux-gnu/10.2.0/crtbegin.o] ==> ignore
    arg [-L/usr/local/lib/gcc/x86_64-pc-linux-gnu/10.2.0] ==> dir [/usr/local/lib/gcc/x86_64-pc-linux-gnu/10.2.0]
    arg [-L/usr/local/lib/gcc/x86_64-pc-linux-gnu/10.2.0/../../../../lib64] ==> dir [/usr/local/lib/gcc/x86_64-pc-linux-gnu/10.2.0/../../../../lib64]
    arg [-L/lib/../lib64] ==> dir [/lib/../lib64]
    arg [-L/usr/lib/../lib64] ==> dir [/usr/lib/../lib64]
    arg [-L/usr/local/lib/gcc/x86_64-pc-linux-gnu/10.2.0/../../..] ==> dir [/usr/local/lib/gcc/x86_64-pc-linux-gnu/10.2.0/../../..]
    arg [CMakeFiles/cmTryCompileExec1296793193.dir/CMakeCXXCompilerABI.cpp.o] ==> ignore
    arg [-lstdc++] ==> lib [stdc++]
    arg [-lm] ==> lib [m]
    arg [-lgcc_s] ==> lib [gcc_s]
    arg [-lgcc] ==> lib [gcc]
    arg [-lc] ==> lib [c]
    arg [-lgcc_s] ==> lib [gcc_s]
    arg [-lgcc] ==> lib [gcc]
    arg [/usr/local/lib/gcc/x86_64-pc-linux-gnu/10.2.0/crtend.o] ==> ignore
    arg [/lib/../lib64/crtn.o] ==> ignore
  remove lib [gcc_s]
  remove lib [gcc]
  remove lib [gcc_s]
  remove lib [gcc]
  collapse library dir [/usr/local/lib/gcc/x86_64-pc-linux-gnu/10.2.0] ==> [/usr/local/lib/gcc/x86_64-pc-linux-gnu/10.2.0]
  collapse library dir [/usr/local/lib/gcc/x86_64-pc-linux-gnu/10.2.0/../../../../lib64] ==> [/usr/local/lib64]
  collapse library dir [/lib/../lib64] ==> [/lib64]
  collapse library dir [/usr/lib/../lib64] ==> [/usr/lib64]
  collapse library dir [/usr/local/lib/gcc/x86_64-pc-linux-gnu/10.2.0/../../..] ==> [/usr/local/lib]
  implicit libs: [stdc++;m;c]
  implicit dirs: [/usr/local/lib/gcc/x86_64-pc-linux-gnu/10.2.0;/usr/local/lib64;/lib64;/usr/lib64;/usr/local/lib]
  implicit fwks: []


Determining if files pthread.h exist passed with the following output:
Change Dir: /home/blue/Code/TcpDemo/build/CMakeFiles/CMakeTmp

Run Build Command:/usr/bin/gmake "cmTryCompileExec4263453963/fast"
/usr/bin/gmake -f CMakeFiles/cmTryCompileExec4263453963.dir/build.make CMakeFiles/cmTryCompileExec4263453963.dir/build
gmake[1]: Entering directory `/home/blue/Code/TcpDemo/build/CMakeFiles/CMakeTmp'
/usr/bin/cmake -E cmake_progress_report /home/blue/Code/TcpDemo/build/CMakeFiles/CMakeTmp/CMakeFiles 1
Building C object CMakeFiles/cmTryCompileExec4263453963.dir/CheckIncludeFiles.c.o
/usr/local/bin/gcc   -rdynamic -O3 -fPIC -ggdb -std=c11 -Wall -Wno-deprecated -Werror -Wno-unused-function -Wno-builtin-macro-redefined -Wno-deprecated-declarations -fno-strict-aliasing    -o CMakeFiles/cmTryCompileExec4263453963.dir/CheckIncludeFiles.c.o   -c /home/blue/Code/TcpDemo/build/CMakeFiles/CMakeTmp/CheckIncludeFiles.c
Linking C executable cmTryCompileExec4263453963
/usr/bin/cmake -E cmake_link_script CMakeFiles/cmTryCompileExec4263453963.dir/link.txt --verbose=1
/usr/local/bin/gcc   -rdynamic -O3 -fPIC -ggdb -std=c11 -Wall -Wno-deprecated -Werror -Wno-unused-function -Wno-builtin-macro-redefined -Wno-deprecated-declarations -fno-strict-aliasing     CMakeFiles/cmTryCompileExec4263453963.dir/CheckIncludeFiles.c.o  -o cmTryCompileExec4263453963 -rdynamic 
gmake[1]: Leaving directory `/home/blue/Code/TcpDemo/build/CMakeFiles/CMakeTmp'


Determining if the function pthread_create exists in the pthread passed with the following output:
Change Dir: /home/blue/Code/TcpDemo/build/CMakeFiles/CMakeTmp

Run Build Command:/usr/bin/gmake "cmTryCompileExec1340840091/fast"
/usr/bin/gmake -f CMakeFiles/cmTryCompileExec1340840091.dir/build.make CMakeFiles/cmTryCompileExec1340840091.dir/build
gmake[1]: Entering directory `/home/blue/Code/TcpDemo/build/CMakeFiles/CMakeTmp'
/usr/bin/cmake -E cmake_progress_report /home/blue/Code/TcpDemo/build/CMakeFiles/CMakeTmp/CMakeFiles 1
Building C object CMakeFiles/cmTryCompileExec1340840091.dir/CheckFunctionExists.c.o
/usr/local/bin/gcc   -rdynamic -O3 -fPIC -ggdb -std=c11 -Wall -Wno-deprecated -Werror -Wno-unused-function -Wno-builtin-macro-redefined -Wno-deprecated-declarations -fno-strict-aliasing -DCHECK_FUNCTION_EXISTS=pthread_create   -o CMakeFiles/cmTryCompileExec1340840091.dir/CheckFunctionExists.c.o   -c /usr/share/cmake/Modules/CheckFunctionExists.c
Linking C executable cmTryCompileExec1340840091
/usr/bin/cmake -E cmake_link_script CMakeFiles/cmTryCompileExec1340840091.dir/link.txt --verbose=1
/usr/local/bin/gcc   -rdynamic -O3 -fPIC -ggdb -std=c11 -Wall -Wno-deprecated -Werror -Wno-unused-function -Wno-builtin-macro-redefined -Wno-deprecated-declarations -fno-strict-aliasing -DCHECK_FUNCTION_EXISTS=pthread_create    CMakeFiles/cmTryCompileExec1340840091.dir/CheckFunctionExists.c.o  -o cmTryCompileExec1340840091 -rdynamic -lpthread 
gmake[1]: Leaving directory `/home/blue/Code/TcpDemo/build/CMakeFiles/CMakeTmp'


