Determining if the pthread_create exist failed with the following output:
Change Dir: /home/blue/Code/TcpDemo/build/CMakeFiles/CMakeTmp

Run Build Command:"/usr/bin/make" "cmTC_10b0b/fast"
/usr/bin/make -f CMakeFiles/cmTC_10b0b.dir/build.make CMakeFiles/cmTC_10b0b.dir/build
make[1]: Entering directory '/home/blue/Code/TcpDemo/build/CMakeFiles/CMakeTmp'
Building C object CMakeFiles/cmTC_10b0b.dir/CheckSymbolExists.c.o
/bin/gcc-8   -rdynamic -O3 -fPIC -ggdb -std=c11 -Wall -Wno-deprecated -Werror -Wno-unused-function -Wno-builtin-macro-redefined -Wno-deprecated-declarations -fno-strict-aliasing    -o CMakeFiles/cmTC_10b0b.dir/CheckSymbolExists.c.o   -c /home/blue/Code/TcpDemo/build/CMakeFiles/CMakeTmp/CheckSymbolExists.c
Linking C executable cmTC_10b0b
/usr/bin/cmake -E cmake_link_script CMakeFiles/cmTC_10b0b.dir/link.txt --verbose=1
/bin/gcc-8  -rdynamic -O3 -fPIC -ggdb -std=c11 -Wall -Wno-deprecated -Werror -Wno-unused-function -Wno-builtin-macro-redefined -Wno-deprecated-declarations -fno-strict-aliasing     -rdynamic CMakeFiles/cmTC_10b0b.dir/CheckSymbolExists.c.o  -o cmTC_10b0b 
/usr/bin/ld: CMakeFiles/cmTC_10b0b.dir/CheckSymbolExists.c.o: in function `main':
/home/blue/Code/TcpDemo/build/CMakeFiles/CMakeTmp/CheckSymbolExists.c:8: undefined reference to `pthread_create'
collect2: error: ld returned 1 exit status
make[1]: *** [CMakeFiles/cmTC_10b0b.dir/build.make:87: cmTC_10b0b] Error 1
make[1]: Leaving directory '/home/blue/Code/TcpDemo/build/CMakeFiles/CMakeTmp'
make: *** [Makefile:121: cmTC_10b0b/fast] Error 2

File /home/blue/Code/TcpDemo/build/CMakeFiles/CMakeTmp/CheckSymbolExists.c:
/* */
#include <pthread.h>

int main(int argc, char** argv)
{
  (void)argv;
#ifndef pthread_create
  return ((int*)(&pthread_create))[argc];
#else
  (void)argc;
  return 0;
#endif
}

Determining if the function pthread_create exists in the pthreads failed with the following output:
Change Dir: /home/blue/Code/TcpDemo/build/CMakeFiles/CMakeTmp

Run Build Command:"/usr/bin/make" "cmTC_9a308/fast"
/usr/bin/make -f CMakeFiles/cmTC_9a308.dir/build.make CMakeFiles/cmTC_9a308.dir/build
make[1]: Entering directory '/home/blue/Code/TcpDemo/build/CMakeFiles/CMakeTmp'
Building C object CMakeFiles/cmTC_9a308.dir/CheckFunctionExists.c.o
/bin/gcc-8   -rdynamic -O3 -fPIC -ggdb -std=c11 -Wall -Wno-deprecated -Werror -Wno-unused-function -Wno-builtin-macro-redefined -Wno-deprecated-declarations -fno-strict-aliasing -DCHECK_FUNCTION_EXISTS=pthread_create   -o CMakeFiles/cmTC_9a308.dir/CheckFunctionExists.c.o   -c /usr/share/cmake-3.13/Modules/CheckFunctionExists.c
Linking C executable cmTC_9a308
/usr/bin/cmake -E cmake_link_script CMakeFiles/cmTC_9a308.dir/link.txt --verbose=1
/bin/gcc-8  -rdynamic -O3 -fPIC -ggdb -std=c11 -Wall -Wno-deprecated -Werror -Wno-unused-function -Wno-builtin-macro-redefined -Wno-deprecated-declarations -fno-strict-aliasing -DCHECK_FUNCTION_EXISTS=pthread_create    -rdynamic CMakeFiles/cmTC_9a308.dir/CheckFunctionExists.c.o  -o cmTC_9a308 -lpthreads 
/usr/bin/ld: cannot find -lpthreads
collect2: error: ld returned 1 exit status
make[1]: *** [CMakeFiles/cmTC_9a308.dir/build.make:87: cmTC_9a308] Error 1
make[1]: Leaving directory '/home/blue/Code/TcpDemo/build/CMakeFiles/CMakeTmp'
make: *** [Makefile:121: cmTC_9a308/fast] Error 2


